<?xml version="1.0" encoding="UTF-8"?>
<!-- Generated by org.testng.reporters.JUnitXMLReporter -->
<testsuite ignored="0" hostname="IITMSPC17" failures="0" tests="1" name="Student Registration" time="1.08" errors="0" timestamp="2022-11-19T13:02:45 IST">
  <testcase classname="com.qa.tests.academic.RegistrationTests" name="@BeforeMethod beforeMethod" time="1.036">
    <failure type="java.lang.NullPointerException" message="null value in entry: url=null">
      <![CDATA[java.lang.NullPointerException: null value in entry: url=null
at com.google.common.collect.CollectPreconditions.checkEntryNotNull(CollectPreconditions.java:32)
at com.google.common.collect.SingletonImmutableBiMap.<init>(SingletonImmutableBiMap.java:42)
at com.google.common.collect.ImmutableBiMap.of(ImmutableBiMap.java:72)
at com.google.common.collect.ImmutableMap.of(ImmutableMap.java:119)
at org.openqa.selenium.remote.RemoteWebDriver.get(RemoteWebDriver.java:277)
at com.qa.base.BaseClass.initializeDriverBFT(BaseClass.java:82)
at com.qa.tests.academic.RegistrationTests.beforeMethod(RegistrationTests.java:75)
at java.base/java.util.ArrayList.forEach(ArrayList.java:1511)
... Removed 31 stack frames]]>
    </failure>
  </testcase> <!-- @BeforeMethod beforeMethod -->
  <testcase classname="com.qa.tests.academic.RegistrationTests" name="@AfterMethod afterMethod" time="-1.668843165333E9">
    <skipped/>
  </testcase> <!-- @AfterMethod afterMethod -->
  <testcase classname="com.qa.tests.academic.RegistrationTests" name="@AfterClass afterClass" time="-1.668843165337E9">
    <skipped/>
  </testcase> <!-- @AfterClass afterClass -->
  <testcase classname="com.qa.base.BaseClass" name="@AfterTest afterTest" time="-1.668843165338E9">
    <skipped/>
  </testcase> <!-- @AfterTest afterTest -->
  <testcase classname="com.qa.tests.academic.RegistrationTests" name="Student_Registration" time="0.0">
    <skipped/>
  </testcase> <!-- Student_Registration -->
</testsuite> <!-- Student Registration -->
