<?xml version="1.0" encoding="UTF-8"?>
<!-- Generated by org.testng.reporters.JUnitXMLReporter -->
<testsuite ignored="0" hostname="IITMSLP40" failures="0" tests="2" name="UnlockResultAndRegistrationTest" time="85.756" errors="0" timestamp="2022-09-30T10:42:26 IST">
  <testcase classname="com.qa.tests.examination.UnlockResultAndRegistrationTest" name="UnlockResul" time="26.205"/>
  <testcase classname="com.qa.tests.examination.UnlockResultAndRegistrationTest" name="UnlockRegistration" time="59.532"/>
</testsuite> <!-- UnlockResultAndRegistrationTest -->
