<?xml version="1.0" encoding="UTF-8"?>
<!-- Generated by org.testng.reporters.JUnitXMLReporter -->
<testsuite ignored="0" hostname="DESKTOP-1MTD1OS" failures="1" tests="1" name="Test" time="13.369" errors="0" timestamp="2022-06-07T00:54:58 IST">
  <testcase classname="com.qa.tests.academic.OnlineTests" name="online_Tests" time="1.215">
    <failure type="java.lang.NullPointerException">
      <![CDATA[java.lang.NullPointerException
at com.qa.tests.academic.OnlineTests.online_Tests(OnlineTests.java:82)
at java.base/java.util.ArrayList.forEach(ArrayList.java:1541)
... Removed 27 stack frames]]>
    </failure>
  </testcase> <!-- online_Tests -->
</testsuite> <!-- Test -->
