<?xml version="1.0" encoding="UTF-8"?>
<testng-results ignored="0" total="1" passed="1" failed="0" skipped="0">
  <reporter-output>
  </reporter-output>
  <suite started-at="2023-03-23T17:02:51 IST" name="Default suite" finished-at="2023-03-23T17:04:20 IST" duration-ms="88782">
    <groups>
    </groups>
    <test started-at="2023-03-23T17:02:51 IST" name="Default test" finished-at="2023-03-23T17:04:20 IST" duration-ms="88782">
      <class name="com.qa.tests.academic.DcrReportTests">
        <test-method is-config="true" signature="beforeClass()[pri:0, instance:com.qa.tests.academic.DcrReportTests@f0da945]" started-at="2023-03-23T17:02:51 IST" name="beforeClass" finished-at="2023-03-23T17:02:51 IST" duration-ms="13" status="PASS">
          <reporter-output>
          </reporter-output>
        </test-method> <!-- beforeClass -->
        <test-method is-config="true" signature="beforeMethod(java.lang.reflect.Method)[pri:0, instance:com.qa.tests.academic.DcrReportTests@f0da945]" started-at="2023-03-23T17:02:51 IST" name="beforeMethod" finished-at="2023-03-23T17:03:24 IST" duration-ms="32749" status="PASS">
          <params>
            <param index="0">
              <value>
                <![CDATA[public void com.qa.tests.academic.DcrReportTests.User_Able_To_Generate_DCR_Report() throws java.io.IOException,java.lang.Exception]]>
              </value>
            </param>
          </params>
          <reporter-output>
          </reporter-output>
        </test-method> <!-- beforeMethod -->
        <test-method signature="User_Able_To_Generate_DCR_Report()[pri:0, instance:com.qa.tests.academic.DcrReportTests@f0da945]" started-at="2023-03-23T17:03:24 IST" name="User_Able_To_Generate_DCR_Report" finished-at="2023-03-23T17:04:20 IST" duration-ms="55986" status="PASS">
          <reporter-output>
          </reporter-output>
        </test-method> <!-- User_Able_To_Generate_DCR_Report -->
        <test-method is-config="true" signature="afterMethod()[pri:0, instance:com.qa.tests.academic.DcrReportTests@f0da945]" started-at="2023-03-23T17:04:20 IST" name="afterMethod" finished-at="2023-03-23T17:04:20 IST" duration-ms="0" status="PASS">
          <reporter-output>
          </reporter-output>
        </test-method> <!-- afterMethod -->
        <test-method is-config="true" signature="afterClass()[pri:0, instance:com.qa.tests.academic.DcrReportTests@f0da945]" started-at="2023-03-23T17:04:20 IST" name="afterClass" finished-at="2023-03-23T17:04:20 IST" duration-ms="0" status="PASS">
          <reporter-output>
          </reporter-output>
        </test-method> <!-- afterClass -->
        <test-method is-config="true" signature="afterTest()[pri:0, instance:com.qa.tests.academic.DcrReportTests@f0da945]" started-at="2023-03-23T17:04:20 IST" name="afterTest" finished-at="2023-03-23T17:04:20 IST" duration-ms="0" status="PASS">
          <reporter-output>
          </reporter-output>
        </test-method> <!-- afterTest -->
      </class> <!-- com.qa.tests.academic.DcrReportTests -->
    </test> <!-- Default test -->
  </suite> <!-- Default suite -->
</testng-results>
