<?xml version="1.0" encoding="UTF-8"?>
<!-- Generated by org.testng.reporters.JUnitXMLReporter -->
<testsuite ignored="1" hostname="IITMSLP40" failures="0" tests="0" time="0.319" errors="0" timestamp="2022-10-06T15:19:11 IST">
  <testcase classname="com.qa.base.BaseClass" name="@AfterTest afterTest" time="0.024">
    <failure type="java.lang.NullPointerException" message="Cannot invoke &amp;quot;org.openqa.selenium.WebDriver.quit()&amp;quot; because &amp;quot;com.qa.base.BaseClass.driver&amp;quot; is null">
      <![CDATA[java.lang.NullPointerException: Cannot invoke "org.openqa.selenium.WebDriver.quit()" because "com.qa.base.BaseClass.driver" is null
at com.qa.base.BaseClass.afterTest(BaseClass.java:126)
... Removed 24 stack frames]]>
    </failure>
  </testcase> <!-- @AfterTest afterTest -->
  <testcase classname="com.qa.tests.attendance.SessionCreationTests" name="session_Creation" time="0.0">
    <ignored/>
  </testcase> <!-- session_Creation -->
</testsuite>
